2026-07-03 10:41:01.4002|INFO|Microsoft.EntityFrameworkCore.Database.Command|Executed DbCommand (22ms) [Parameters=[], CommandType='Text', CommandTimeout='30']
PRAGMA journal_mode = 'wal';
2026-07-03 10:41:01.5247|INFO|Microsoft.EntityFrameworkCore.Database.Command|Executed DbCommand (0ms) [Parameters=[], CommandType='Text', CommandTimeout='30']
CREATE TABLE "MemberLevels" (
    "Id" INTEGER NOT NULL CONSTRAINT "PK_MemberLevels" PRIMARY KEY AUTOINCREMENT,
    "Name" TEXT NOT NULL,
    "IsDefault" INTEGER NOT NULL
);
2026-07-03 10:41:01.5247|INFO|Microsoft.EntityFrameworkCore.Database.Command|Executed DbCommand (0ms) [Parameters=[], CommandType='Text', CommandTimeout='30']
CREATE TABLE "Members" (
    "Id" INTEGER NOT NULL CONSTRAINT "PK_Members" PRIMARY KEY AUTOINCREMENT,
    "Account" TEXT NOT NULL,
    "Name" TEXT NOT NULL,
    "Email" TEXT NOT NULL,
    "MemberLevelId" INTEGER NOT NULL,
    "CreatedAt" TEXT NOT NULL
);
2026-07-03 10:41:01.6846|INFO|Microsoft.EntityFrameworkCore.Database.Command|Executed DbCommand (5ms) [Parameters=[@p0='?' (DbType = Boolean), @p1='?' (Size = 8)], CommandType='Text', CommandTimeout='30']
INSERT INTO "MemberLevels" ("IsDefault", "Name")
VALUES (@p0, @p1)
RETURNING "Id";
2026-07-03 10:41:01.6986|INFO|Microsoft.EntityFrameworkCore.Database.Command|Executed DbCommand (0ms) [Parameters=[@p0='?' (DbType = Boolean), @p1='?' (Size = 4)], CommandType='Text', CommandTimeout='30']
INSERT INTO "MemberLevels" ("IsDefault", "Name")
VALUES (@p0, @p1)
RETURNING "Id";
2026-07-03 10:41:01.6986|INFO|Microsoft.EntityFrameworkCore.Database.Command|Executed DbCommand (0ms) [Parameters=[@p0='?' (Size = 9), @p1='?' (DbType = DateTime), @p2='?' (Size = 14), @p3='?' (DbType = Int32), @p4='?' (Size = 12)], CommandType='Text', CommandTimeout='30']
INSERT INTO "Members" ("Account", "CreatedAt", "Email", "MemberLevelId", "Name")
VALUES (@p0, @p1, @p2, @p3, @p4)
RETURNING "Id";
2026-07-03 10:41:01.6986|INFO|Microsoft.EntityFrameworkCore.Database.Command|Executed DbCommand (0ms) [Parameters=[@p0='?' (Size = 9), @p1='?' (DbType = DateTime), @p2='?' (Size = 14), @p3='?' (DbType = Int32), @p4='?' (Size = 12)], CommandType='Text', CommandTimeout='30']
INSERT INTO "Members" ("Account", "CreatedAt", "Email", "MemberLevelId", "Name")
VALUES (@p0, @p1, @p2, @p3, @p4)
RETURNING "Id";
2026-07-03 10:42:04.4095|INFO|Microsoft.Hosting.Lifetime|Now listening on: http://localhost:5090
2026-07-03 10:42:04.4252|INFO|Microsoft.Hosting.Lifetime|Application started. Press Ctrl+C to shut down.
2026-07-03 10:42:04.4261|INFO|Microsoft.Hosting.Lifetime|Hosting environment: Development
2026-07-03 10:42:04.4261|INFO|Microsoft.Hosting.Lifetime|Content root path: /mnt/d/Work/ProjectOther/Bookstore/Project2-Debug
2026-07-03 10:42:07.2678|INFO|Microsoft.AspNetCore.Hosting.Diagnostics|Request starting HTTP/1.1 GET http://localhost:5090/openapi/v1.json - - -
2026-07-03 10:42:07.2952|INFO|Microsoft.AspNetCore.Routing.EndpointMiddleware|Executing endpoint 'HTTP: GET /openapi/{documentName}.json'
2026-07-03 10:42:07.4491|INFO|Microsoft.AspNetCore.Routing.EndpointMiddleware|Executed endpoint 'HTTP: GET /openapi/{documentName}.json'
2026-07-03 10:42:07.4540|INFO|Microsoft.AspNetCore.Hosting.Diagnostics|Request finished HTTP/1.1 GET http://localhost:5090/openapi/v1.json - 200 - application/json;charset=utf-8 189.6381ms
2026-07-03 10:42:07.4625|INFO|Microsoft.AspNetCore.Hosting.Diagnostics|Request starting HTTP/1.1 POST http://localhost:5090/member/register - application/json 63
2026-07-03 10:42:07.4625|INFO|Microsoft.AspNetCore.Routing.EndpointMiddleware|Executing endpoint 'Project2_Debug.Controllers.MemberController.Register (Project2-Debug)'
2026-07-03 10:42:07.4958|INFO|Microsoft.AspNetCore.Mvc.Infrastructure.ControllerActionInvoker|Route matched with {action = "Register", controller = "Member"}. Executing controller action with signature System.Threading.Tasks.Task`1[Microsoft.AspNetCore.Mvc.IActionResult] Register(RegisterRequest, System.Threading.CancellationToken) on controller Project2_Debug.Controllers.MemberController (Project2-Debug).
2026-07-03 10:42:07.6426|INFO|Project2_Debug.Features.Members.Register.RegisterHandler|Register attempt for account newbie
2026-07-03 10:42:08.2354|INFO|Microsoft.EntityFrameworkCore.Database.Command|Executed DbCommand (18ms) [Parameters=[@request_Account='?' (Size = 6)], CommandType='Text', CommandTimeout='30']
SELECT EXISTS (
    SELECT 1
    FROM "Members" AS "m"
    WHERE "m"."Account" = @request_Account)
2026-07-03 10:42:08.2793|INFO|Microsoft.EntityFrameworkCore.Database.Command|Executed DbCommand (1ms) [Parameters=[], CommandType='Text', CommandTimeout='30']
SELECT "m"."Id", "m"."IsDefault", "m"."Name"
FROM "MemberLevels" AS "m"
WHERE "m"."IsDefault"
LIMIT 2
2026-07-03 10:42:08.3214|INFO|Microsoft.AspNetCore.Mvc.Infrastructure.ControllerActionInvoker|Executed action Project2_Debug.Controllers.MemberController.Register (Project2-Debug) in 820.3506ms
2026-07-03 10:42:08.3214|INFO|Microsoft.AspNetCore.Routing.EndpointMiddleware|Executed endpoint 'Project2_Debug.Controllers.MemberController.Register (Project2-Debug)'
2026-07-03 10:42:08.3214|ERROR|Project2_Debug.Middleware.ExceptionLoggingMiddleware|Unhandled exception while processing POST /member/register
System.InvalidOperationException: Sequence contains more than one element.
   at Microsoft.EntityFrameworkCore.Query.ShapedQueryCompilingExpressionVisitor.SingleAsync[TSource](IAsyncEnumerable`1 asyncEnumerable, CancellationToken cancellationToken)
   at Microsoft.EntityFrameworkCore.Query.ShapedQueryCompilingExpressionVisitor.SingleAsync[TSource](IAsyncEnumerable`1 asyncEnumerable, CancellationToken cancellationToken)
   at Project2_Debug.Features.Members.Register.RegisterHandler.Handle(RegisterCommand request, CancellationToken cancellationToken) in /mnt/d/Work/ProjectOther/Bookstore/Project2-Debug/Features/Members/Register/RegisterHandler.cs:line 44
   at Project2_Debug.Controllers.MemberController.Register(RegisterRequest request, CancellationToken cancellationToken) in /mnt/d/Work/ProjectOther/Bookstore/Project2-Debug/Controllers/MemberController.cs:line 20
   at Microsoft.AspNetCore.Mvc.Infrastructure.ActionMethodExecutor.TaskOfIActionResultExecutor.Execute(ActionContext actionContext, IActionResultTypeMapper mapper, ObjectMethodExecutor executor, Object controller, Object[] arguments)
   at Microsoft.AspNetCore.Mvc.Infrastructure.ControllerActionInvoker.<InvokeActionMethodAsync>g__Awaited|12_0(ControllerActionInvoker invoker, ValueTask`1 actionResultValueTask)
   at Microsoft.AspNetCore.Mvc.Infrastructure.ControllerActionInvoker.<InvokeNextActionFilterAsync>g__Awaited|10_0(ControllerActionInvoker invoker, Task lastTask, State next, Scope scope, Object state, Boolean isCompleted)
   at Microsoft.AspNetCore.Mvc.Infrastructure.ControllerActionInvoker.Rethrow(ActionExecutedContextSealed context)
   at Microsoft.AspNetCore.Mvc.Infrastructure.ControllerActionInvoker.Next(State& next, Scope& scope, Object& state, Boolean& isCompleted)
   at Microsoft.AspNetCore.Mvc.Infrastructure.ControllerActionInvoker.InvokeInnerFilterAsync()
--- End of stack trace from previous location ---
   at Microsoft.AspNetCore.Mvc.Infrastructure.ResourceInvoker.<InvokeFilterPipelineAsync>g__Awaited|20_0(ResourceInvoker invoker, Task lastTask, State next, Scope scope, Object state, Boolean isCompleted)
   at Microsoft.AspNetCore.Mvc.Infrastructure.ResourceInvoker.<InvokeAsync>g__Logged|17_1(ResourceInvoker invoker)
   at Microsoft.AspNetCore.Mvc.Infrastructure.ResourceInvoker.<InvokeAsync>g__Logged|17_1(ResourceInvoker invoker)
   at Microsoft.AspNetCore.Routing.EndpointMiddleware.<Invoke>g__AwaitRequestTask|7_0(Endpoint endpoint, Task requestTask, ILogger logger)
   at Project2_Debug.Middleware.ExceptionLoggingMiddleware.InvokeAsync(HttpContext context) in /mnt/d/Work/ProjectOther/Bookstore/Project2-Debug/Middleware/ExceptionLoggingMiddleware.cs:line 18
2026-07-03 10:42:08.3449|INFO|Microsoft.AspNetCore.Hosting.Diagnostics|Request finished HTTP/1.1 POST http://localhost:5090/member/register - 500 - application/json;+charset=utf-8 882.3492ms
2026-07-03 10:42:08.3487|INFO|Microsoft.AspNetCore.Hosting.Diagnostics|Request starting HTTP/1.1 GET http://localhost:5090/openapi/v1.json - - -
2026-07-03 10:42:08.3497|INFO|Microsoft.AspNetCore.Routing.EndpointMiddleware|Executing endpoint 'HTTP: GET /openapi/{documentName}.json'
2026-07-03 10:42:08.3497|INFO|Microsoft.AspNetCore.Routing.EndpointMiddleware|Executed endpoint 'HTTP: GET /openapi/{documentName}.json'
2026-07-03 10:42:08.3497|INFO|Microsoft.AspNetCore.Hosting.Diagnostics|Request finished HTTP/1.1 GET http://localhost:5090/openapi/v1.json - 200 - application/json;charset=utf-8 2.8380ms
2026-07-03 10:42:08.3580|INFO|Microsoft.AspNetCore.Hosting.Diagnostics|Request starting HTTP/1.1 GET http://localhost:5090/scalar - - -
2026-07-03 10:42:08.3580|INFO|Microsoft.AspNetCore.Routing.EndpointMiddleware|Executing endpoint 'HTTP: GET /scalar/{documentName?}'
2026-07-03 10:42:08.3633|INFO|Microsoft.AspNetCore.Http.Result.RedirectResult|Executing RedirectResult, redirecting to scalar/.
2026-07-03 10:42:08.3633|INFO|Microsoft.AspNetCore.Routing.EndpointMiddleware|Executed endpoint 'HTTP: GET /scalar/{documentName?}'
2026-07-03 10:42:08.3633|INFO|Microsoft.AspNetCore.Hosting.Diagnostics|Request finished HTTP/1.1 GET http://localhost:5090/scalar - 302 0 - 5.8835ms
2026-07-03 10:55:08.3262|INFO|Microsoft.Hosting.Lifetime|Now listening on: http://localhost:5090
2026-07-03 10:55:08.3414|INFO|Microsoft.Hosting.Lifetime|Application started. Press Ctrl+C to shut down.
2026-07-03 10:55:08.3414|INFO|Microsoft.Hosting.Lifetime|Hosting environment: Development
2026-07-03 10:55:08.3423|INFO|Microsoft.Hosting.Lifetime|Content root path: /mnt/d/Work/ProjectOther/Bookstore/Project2-Debug
2026-07-03 10:55:12.4889|INFO|Microsoft.AspNetCore.Hosting.Diagnostics|Request starting HTTP/1.1 GET http://localhost:5090/openapi/v1.json - - -
2026-07-03 10:55:12.5128|INFO|Microsoft.AspNetCore.Routing.EndpointMiddleware|Executing endpoint 'HTTP: GET /openapi/{documentName}.json'
2026-07-03 10:55:12.6443|INFO|Microsoft.AspNetCore.Routing.EndpointMiddleware|Executed endpoint 'HTTP: GET /openapi/{documentName}.json'
2026-07-03 10:55:12.6479|INFO|Microsoft.AspNetCore.Hosting.Diagnostics|Request finished HTTP/1.1 GET http://localhost:5090/openapi/v1.json - 200 - application/json;charset=utf-8 162.2189ms
2026-07-03 10:55:12.7217|INFO|Microsoft.AspNetCore.Hosting.Diagnostics|Request starting HTTP/1.1 POST http://localhost:5090/member/register - application/json 66
2026-07-03 10:55:12.7235|INFO|Microsoft.AspNetCore.Routing.EndpointMiddleware|Executing endpoint 'Project2_Debug.Controllers.MemberController.Register (Project2-Debug)'
2026-07-03 10:55:12.7470|INFO|Microsoft.AspNetCore.Mvc.Infrastructure.ControllerActionInvoker|Route matched with {action = "Register", controller = "Member"}. Executing controller action with signature System.Threading.Tasks.Task`1[Microsoft.AspNetCore.Mvc.IActionResult] Register(RegisterRequest, System.Threading.CancellationToken) on controller Project2_Debug.Controllers.MemberController (Project2-Debug).
2026-07-03 10:55:12.8556|INFO|Project2_Debug.Features.Members.Register.RegisterHandler|Register attempt for account newbie2
2026-07-03 10:55:13.4129|INFO|Microsoft.EntityFrameworkCore.Database.Command|Executed DbCommand (18ms) [Parameters=[@request_Account='?' (Size = 7)], CommandType='Text', CommandTimeout='30']
SELECT EXISTS (
    SELECT 1
    FROM "Members" AS "m"
    WHERE "m"."Account" = @request_Account)
2026-07-03 10:55:13.4572|INFO|Microsoft.EntityFrameworkCore.Database.Command|Executed DbCommand (1ms) [Parameters=[], CommandType='Text', CommandTimeout='30']
SELECT "m"."Id", "m"."IsDefault", "m"."Name"
FROM "MemberLevels" AS "m"
WHERE "m"."IsDefault"
LIMIT 2
2026-07-03 10:55:13.4957|INFO|Microsoft.AspNetCore.Mvc.Infrastructure.ControllerActionInvoker|Executed action Project2_Debug.Controllers.MemberController.Register (Project2-Debug) in 743.9415ms
2026-07-03 10:55:13.4957|INFO|Microsoft.AspNetCore.Routing.EndpointMiddleware|Executed endpoint 'Project2_Debug.Controllers.MemberController.Register (Project2-Debug)'
2026-07-03 10:55:13.4957|ERROR|Project2_Debug.Middleware.ExceptionLoggingMiddleware|Unhandled exception while processing POST /member/register
System.InvalidOperationException: Sequence contains more than one element.
   at Microsoft.EntityFrameworkCore.Query.ShapedQueryCompilingExpressionVisitor.SingleAsync[TSource](IAsyncEnumerable`1 asyncEnumerable, CancellationToken cancellationToken)
   at Microsoft.EntityFrameworkCore.Query.ShapedQueryCompilingExpressionVisitor.SingleAsync[TSource](IAsyncEnumerable`1 asyncEnumerable, CancellationToken cancellationToken)
   at Project2_Debug.Features.Members.Register.RegisterHandler.Handle(RegisterCommand request, CancellationToken cancellationToken) in /mnt/d/Work/ProjectOther/Bookstore/Project2-Debug/Features/Members/Register/RegisterHandler.cs:line 44
   at Project2_Debug.Controllers.MemberController.Register(RegisterRequest request, CancellationToken cancellationToken) in /mnt/d/Work/ProjectOther/Bookstore/Project2-Debug/Controllers/MemberController.cs:line 20
   at Microsoft.AspNetCore.Mvc.Infrastructure.ActionMethodExecutor.TaskOfIActionResultExecutor.Execute(ActionContext actionContext, IActionResultTypeMapper mapper, ObjectMethodExecutor executor, Object controller, Object[] arguments)
   at Microsoft.AspNetCore.Mvc.Infrastructure.ControllerActionInvoker.<InvokeActionMethodAsync>g__Awaited|12_0(ControllerActionInvoker invoker, ValueTask`1 actionResultValueTask)
   at Microsoft.AspNetCore.Mvc.Infrastructure.ControllerActionInvoker.<InvokeNextActionFilterAsync>g__Awaited|10_0(ControllerActionInvoker invoker, Task lastTask, State next, Scope scope, Object state, Boolean isCompleted)
   at Microsoft.AspNetCore.Mvc.Infrastructure.ControllerActionInvoker.Rethrow(ActionExecutedContextSealed context)
   at Microsoft.AspNetCore.Mvc.Infrastructure.ControllerActionInvoker.Next(State& next, Scope& scope, Object& state, Boolean& isCompleted)
   at Microsoft.AspNetCore.Mvc.Infrastructure.ControllerActionInvoker.InvokeInnerFilterAsync()
--- End of stack trace from previous location ---
   at Microsoft.AspNetCore.Mvc.Infrastructure.ResourceInvoker.<InvokeFilterPipelineAsync>g__Awaited|20_0(ResourceInvoker invoker, Task lastTask, State next, Scope scope, Object state, Boolean isCompleted)
   at Microsoft.AspNetCore.Mvc.Infrastructure.ResourceInvoker.<InvokeAsync>g__Logged|17_1(ResourceInvoker invoker)
   at Microsoft.AspNetCore.Mvc.Infrastructure.ResourceInvoker.<InvokeAsync>g__Logged|17_1(ResourceInvoker invoker)
   at Microsoft.AspNetCore.Routing.EndpointMiddleware.<Invoke>g__AwaitRequestTask|7_0(Endpoint endpoint, Task requestTask, ILogger logger)
   at Project2_Debug.Middleware.ExceptionLoggingMiddleware.InvokeAsync(HttpContext context) in /mnt/d/Work/ProjectOther/Bookstore/Project2-Debug/Middleware/ExceptionLoggingMiddleware.cs:line 18
2026-07-03 10:55:13.5170|INFO|Microsoft.AspNetCore.Hosting.Diagnostics|Request finished HTTP/1.1 POST http://localhost:5090/member/register - 500 - application/json;+charset=utf-8 795.2918ms
2026-07-03 11:03:32.3013|INFO|Microsoft.Hosting.Lifetime|Now listening on: http://localhost:5090
2026-07-03 11:03:32.3175|INFO|Microsoft.Hosting.Lifetime|Application started. Press Ctrl+C to shut down.
2026-07-03 11:03:32.3175|INFO|Microsoft.Hosting.Lifetime|Hosting environment: Development
2026-07-03 11:03:32.3175|INFO|Microsoft.Hosting.Lifetime|Content root path: /mnt/d/Work/ProjectOther/Bookstore/Project2-Debug
2026-07-03 11:03:37.2074|INFO|Microsoft.AspNetCore.Hosting.Diagnostics|Request starting HTTP/1.1 GET http://localhost:5090/openapi/v1.json - - -
2026-07-03 11:03:37.2276|INFO|Microsoft.AspNetCore.Routing.EndpointMiddleware|Executing endpoint 'HTTP: GET /openapi/{documentName}.json'
2026-07-03 11:03:37.3431|INFO|Microsoft.AspNetCore.Routing.EndpointMiddleware|Executed endpoint 'HTTP: GET /openapi/{documentName}.json'
2026-07-03 11:03:37.3458|INFO|Microsoft.AspNetCore.Hosting.Diagnostics|Request finished HTTP/1.1 GET http://localhost:5090/openapi/v1.json - 200 - application/json;charset=utf-8 140.0224ms
2026-07-03 11:03:37.4683|INFO|Microsoft.AspNetCore.Hosting.Diagnostics|Request starting HTTP/1.1 POST http://localhost:5090/member/register - application/json 60
2026-07-03 11:03:37.4699|INFO|Microsoft.AspNetCore.Routing.EndpointMiddleware|Executing endpoint 'Project2_Debug.Controllers.MemberController.Register (Project2-Debug)'
2026-07-03 11:03:37.4909|INFO|Microsoft.AspNetCore.Mvc.Infrastructure.ControllerActionInvoker|Route matched with {action = "Register", controller = "Member"}. Executing controller action with signature System.Threading.Tasks.Task`1[Microsoft.AspNetCore.Mvc.IActionResult] Register(RegisterRequest, System.Threading.CancellationToken) on controller Project2_Debug.Controllers.MemberController (Project2-Debug).
2026-07-03 11:03:37.6199|INFO|Project2_Debug.Features.Members.Register.RegisterHandler|Register attempt for account net8probe
2026-07-03 11:03:38.1389|INFO|Microsoft.EntityFrameworkCore.Database.Command|Executed DbCommand (17ms) [Parameters=[@__request_Account_0='?' (Size = 9)], CommandType='Text', CommandTimeout='30']
SELECT EXISTS (
    SELECT 1
    FROM "Members" AS "m"
    WHERE "m"."Account" = @__request_Account_0)
2026-07-03 11:03:38.1754|INFO|Microsoft.EntityFrameworkCore.Database.Command|Executed DbCommand (1ms) [Parameters=[], CommandType='Text', CommandTimeout='30']
SELECT "m"."Id", "m"."IsDefault", "m"."Name"
FROM "MemberLevels" AS "m"
WHERE "m"."IsDefault"
LIMIT 2
2026-07-03 11:03:38.2090|INFO|Microsoft.AspNetCore.Mvc.Infrastructure.ControllerActionInvoker|Executed action Project2_Debug.Controllers.MemberController.Register (Project2-Debug) in 713.2873ms
2026-07-03 11:03:38.2095|INFO|Microsoft.AspNetCore.Routing.EndpointMiddleware|Executed endpoint 'Project2_Debug.Controllers.MemberController.Register (Project2-Debug)'
2026-07-03 11:03:38.2095|ERROR|Project2_Debug.Middleware.ExceptionLoggingMiddleware|Unhandled exception while processing POST /member/register
System.InvalidOperationException: Sequence contains more than one element.
   at Microsoft.EntityFrameworkCore.Query.ShapedQueryCompilingExpressionVisitor.SingleAsync[TSource](IAsyncEnumerable`1 asyncEnumerable, CancellationToken cancellationToken)
   at Microsoft.EntityFrameworkCore.Query.ShapedQueryCompilingExpressionVisitor.SingleAsync[TSource](IAsyncEnumerable`1 asyncEnumerable, CancellationToken cancellationToken)
   at Project2_Debug.Features.Members.Register.RegisterHandler.Handle(RegisterCommand request, CancellationToken cancellationToken) in /mnt/d/Work/ProjectOther/Bookstore/Project2-Debug/Features/Members/Register/RegisterHandler.cs:line 44
   at Project2_Debug.Controllers.MemberController.Register(RegisterRequest request, CancellationToken cancellationToken) in /mnt/d/Work/ProjectOther/Bookstore/Project2-Debug/Controllers/MemberController.cs:line 20
   at Microsoft.AspNetCore.Mvc.Infrastructure.ActionMethodExecutor.TaskOfIActionResultExecutor.Execute(ActionContext actionContext, IActionResultTypeMapper mapper, ObjectMethodExecutor executor, Object controller, Object[] arguments)
   at Microsoft.AspNetCore.Mvc.Infrastructure.ControllerActionInvoker.<InvokeActionMethodAsync>g__Awaited|12_0(ControllerActionInvoker invoker, ValueTask`1 actionResultValueTask)
   at Microsoft.AspNetCore.Mvc.Infrastructure.ControllerActionInvoker.<InvokeNextActionFilterAsync>g__Awaited|10_0(ControllerActionInvoker invoker, Task lastTask, State next, Scope scope, Object state, Boolean isCompleted)
   at Microsoft.AspNetCore.Mvc.Infrastructure.ControllerActionInvoker.Rethrow(ActionExecutedContextSealed context)
   at Microsoft.AspNetCore.Mvc.Infrastructure.ControllerActionInvoker.Next(State& next, Scope& scope, Object& state, Boolean& isCompleted)
   at Microsoft.AspNetCore.Mvc.Infrastructure.ControllerActionInvoker.InvokeInnerFilterAsync()
--- End of stack trace from previous location ---
   at Microsoft.AspNetCore.Mvc.Infrastructure.ResourceInvoker.<InvokeFilterPipelineAsync>g__Awaited|20_0(ResourceInvoker invoker, Task lastTask, State next, Scope scope, Object state, Boolean isCompleted)
   at Microsoft.AspNetCore.Mvc.Infrastructure.ResourceInvoker.<InvokeAsync>g__Logged|17_1(ResourceInvoker invoker)
   at Microsoft.AspNetCore.Mvc.Infrastructure.ResourceInvoker.<InvokeAsync>g__Logged|17_1(ResourceInvoker invoker)
   at Microsoft.AspNetCore.Routing.EndpointMiddleware.<Invoke>g__AwaitRequestTask|7_0(Endpoint endpoint, Task requestTask, ILogger logger)
   at Project2_Debug.Middleware.ExceptionLoggingMiddleware.InvokeAsync(HttpContext context) in /mnt/d/Work/ProjectOther/Bookstore/Project2-Debug/Middleware/ExceptionLoggingMiddleware.cs:line 18
2026-07-03 11:03:38.2348|INFO|Microsoft.AspNetCore.Hosting.Diagnostics|Request finished HTTP/1.1 POST http://localhost:5090/member/register - 500 - application/json;+charset=utf-8 766.4934ms
2026-07-03 11:03:38.2538|INFO|Microsoft.AspNetCore.Hosting.Diagnostics|Request starting HTTP/1.1 GET http://localhost:5090/openapi/v1.json - - -
2026-07-03 11:03:38.2538|INFO|Microsoft.AspNetCore.Routing.EndpointMiddleware|Executing endpoint 'HTTP: GET /openapi/{documentName}.json'
2026-07-03 11:03:38.2589|INFO|Microsoft.AspNetCore.Routing.EndpointMiddleware|Executed endpoint 'HTTP: GET /openapi/{documentName}.json'
2026-07-03 11:03:38.2589|INFO|Microsoft.AspNetCore.Hosting.Diagnostics|Request finished HTTP/1.1 GET http://localhost:5090/openapi/v1.json - 200 - application/json;charset=utf-8 5.3728ms
2026-07-03 11:28:42.6251|INFO|Microsoft.Hosting.Lifetime|Now listening on: http://localhost:5282
2026-07-03 11:28:42.6478|INFO|Microsoft.Hosting.Lifetime|Application started. Press Ctrl+C to shut down.
2026-07-03 11:28:42.6478|INFO|Microsoft.Hosting.Lifetime|Hosting environment: Development
2026-07-03 11:28:42.6478|INFO|Microsoft.Hosting.Lifetime|Content root path: D:\Work\ProjectOther\Bookstore\Project2-Debug
2026-07-03 11:28:59.3169|INFO|Microsoft.Hosting.Lifetime|Now listening on: http://localhost:5282
2026-07-03 11:28:59.3383|INFO|Microsoft.Hosting.Lifetime|Application started. Press Ctrl+C to shut down.
2026-07-03 11:28:59.3461|INFO|Microsoft.Hosting.Lifetime|Hosting environment: Development
2026-07-03 11:28:59.3461|INFO|Microsoft.Hosting.Lifetime|Content root path: D:\Work\ProjectOther\Bookstore\Project2-Debug
2026-07-03 11:29:50.4139|INFO|Microsoft.Hosting.Lifetime|Now listening on: http://localhost:5282
2026-07-03 11:29:50.4312|INFO|Microsoft.Hosting.Lifetime|Application started. Press Ctrl+C to shut down.
2026-07-03 11:29:50.4390|INFO|Microsoft.Hosting.Lifetime|Hosting environment: Development
2026-07-03 11:29:50.4390|INFO|Microsoft.Hosting.Lifetime|Content root path: D:\Work\ProjectOther\Bookstore\Project2-Debug
2026-07-03 11:29:50.8634|INFO|Microsoft.AspNetCore.Hosting.Diagnostics|Request starting HTTP/1.1 GET http://localhost:5282/scalar - - -
2026-07-03 11:29:50.9012|INFO|Microsoft.AspNetCore.Routing.EndpointMiddleware|Executing endpoint 'HTTP: GET /scalar/{documentName?}'
2026-07-03 11:29:50.9142|INFO|Microsoft.AspNetCore.Http.Result.RedirectResult|Executing RedirectResult, redirecting to scalar/.
2026-07-03 11:29:50.9142|INFO|Microsoft.AspNetCore.Routing.EndpointMiddleware|Executed endpoint 'HTTP: GET /scalar/{documentName?}'
2026-07-03 11:29:50.9257|INFO|Microsoft.AspNetCore.Hosting.Diagnostics|Request finished HTTP/1.1 GET http://localhost:5282/scalar - 302 0 - 73.3073ms
2026-07-03 11:29:50.9257|INFO|Microsoft.AspNetCore.Hosting.Diagnostics|Request starting HTTP/1.1 GET http://localhost:5282/scalar/ - - -
2026-07-03 11:29:50.9257|INFO|Microsoft.AspNetCore.Routing.EndpointMiddleware|Executing endpoint 'HTTP: GET /scalar/{documentName?}'
2026-07-03 11:29:51.2322|INFO|Microsoft.AspNetCore.Http.Result.ContentResult|Write content with HTTP Response ContentType of text/html
2026-07-03 11:29:51.2322|INFO|Microsoft.AspNetCore.Routing.EndpointMiddleware|Executed endpoint 'HTTP: GET /scalar/{documentName?}'
2026-07-03 11:29:51.2322|INFO|Microsoft.AspNetCore.Hosting.Diagnostics|Request finished HTTP/1.1 GET http://localhost:5282/scalar/ - 200 622 text/html 300.5561ms
2026-07-03 11:29:51.2832|INFO|Microsoft.AspNetCore.Hosting.Diagnostics|Request starting HTTP/1.1 GET http://localhost:5282/scalar/scalar.js - - -
2026-07-03 11:29:51.2832|INFO|Microsoft.AspNetCore.Routing.EndpointMiddleware|Executing endpoint 'HTTP: GET /scalar/scalar.js'
2026-07-03 11:29:51.2832|INFO|Microsoft.AspNetCore.Hosting.Diagnostics|Request starting HTTP/1.1 GET http://localhost:5282/scalar/scalar.aspnetcore.js - - -
2026-07-03 11:29:51.2981|INFO|Microsoft.AspNetCore.Routing.EndpointMiddleware|Executing endpoint 'HTTP: GET /scalar/scalar.aspnetcore.js'
2026-07-03 11:29:51.3166|INFO|Microsoft.AspNetCore.Http.Result.FileStreamResult|Sending file with download name ''.
2026-07-03 11:29:51.3166|INFO|Microsoft.AspNetCore.Http.Result.FileStreamResult|Sending file with download name ''.
2026-07-03 11:29:51.3166|INFO|Microsoft.AspNetCore.Routing.EndpointMiddleware|Executed endpoint 'HTTP: GET /scalar/scalar.aspnetcore.js'
2026-07-03 11:29:51.3166|INFO|Microsoft.AspNetCore.Hosting.Diagnostics|Request finished HTTP/1.1 GET http://localhost:5282/scalar/scalar.aspnetcore.js - 200 1111 text/javascript 23.8980ms
2026-07-03 11:29:51.3786|INFO|Microsoft.AspNetCore.Routing.EndpointMiddleware|Executed endpoint 'HTTP: GET /scalar/scalar.js'
2026-07-03 11:29:51.3786|INFO|Microsoft.AspNetCore.Hosting.Diagnostics|Request finished HTTP/1.1 GET http://localhost:5282/scalar/scalar.js - 200 1070158 text/javascript 97.9119ms
2026-07-03 11:29:51.6870|INFO|Microsoft.AspNetCore.Hosting.Diagnostics|Request starting HTTP/1.1 GET http://localhost:5282/openapi/v1.json - - -
2026-07-03 11:29:51.6870|INFO|Microsoft.AspNetCore.Routing.EndpointMiddleware|Executing endpoint 'HTTP: GET /openapi/{documentName}.json'
2026-07-03 11:29:51.8360|INFO|Microsoft.AspNetCore.Hosting.Diagnostics|Request starting HTTP/1.1 GET http://localhost:5282/scalar/favicon.svg - - -
2026-07-03 11:29:51.8360|INFO|Microsoft.AspNetCore.Routing.EndpointMiddleware|Executing endpoint 'HTTP: GET /scalar/favicon.svg'
2026-07-03 11:29:51.8360|INFO|Microsoft.AspNetCore.Http.Result.FileStreamResult|Sending file with download name ''.
2026-07-03 11:29:51.8360|INFO|Microsoft.AspNetCore.Routing.EndpointMiddleware|Executed endpoint 'HTTP: GET /scalar/favicon.svg'
2026-07-03 11:29:51.8360|INFO|Microsoft.AspNetCore.Hosting.Diagnostics|Request finished HTTP/1.1 GET http://localhost:5282/scalar/favicon.svg - 200 533 image/svg+xml 0.9899ms
2026-07-03 11:29:52.0405|INFO|Microsoft.AspNetCore.Routing.EndpointMiddleware|Executed endpoint 'HTTP: GET /openapi/{documentName}.json'
2026-07-03 11:29:52.0405|INFO|Microsoft.AspNetCore.Hosting.Diagnostics|Request finished HTTP/1.1 GET http://localhost:5282/openapi/v1.json - 200 - application/json;charset=utf-8 353.8199ms
