2026-07-07 11:08:37.5151|INFO|Microsoft.AspNetCore.Hosting.Diagnostics|Request starting HTTP/1.1 POST http://localhost:5299/member/register - application/json 59
2026-07-07 11:08:37.5151|INFO|Microsoft.AspNetCore.Routing.EndpointMiddleware|Executing endpoint 'Project2_Debug.Controllers.MemberController.Register (Project2-Debug)'
2026-07-07 11:08:37.5326|INFO|Microsoft.AspNetCore.Mvc.Infrastructure.ControllerActionInvoker|Route matched with {action = "Register", controller = "Member"}. Executing controller action with signature System.Threading.Tasks.Task`1[Microsoft.AspNetCore.Mvc.IActionResult] Register(RegisterRequest, System.Threading.CancellationToken) on controller Project2_Debug.Controllers.MemberController (Project2-Debug).
2026-07-07 11:08:37.5625|INFO|Project2_Debug.Features.Members.Register.RegisterHandler|Register attempt for account wanda
2026-07-07 11:08:37.5690|INFO|Microsoft.AspNetCore.Mvc.Infrastructure.ControllerActionInvoker|Executed action Project2_Debug.Controllers.MemberController.Register (Project2-Debug) in 31.2962ms
2026-07-07 11:08:37.5690|INFO|Microsoft.AspNetCore.Routing.EndpointMiddleware|Executed endpoint 'Project2_Debug.Controllers.MemberController.Register (Project2-Debug)'
2026-07-07 11:08:37.5690|ERROR|Project2_Debug.Middleware.ExceptionLoggingMiddleware|Unhandled exception while processing POST /member/register
System.ArgumentException: Email format is invalid.
   at Project2_Debug.Features.Members.Register.RegisterHandler.Handle(RegisterCommand request, CancellationToken cancellationToken) in /mnt/d/Work/ProjectOther/Bookstore/Project2-Debug/Features/Members/Register/RegisterHandler.cs:line 33
   at Project2_Debug.Controllers.MemberController.Register(RegisterRequest request, CancellationToken cancellationToken) in /mnt/d/Work/ProjectOther/Bookstore/Project2-Debug/Controllers/MemberController.cs:line 21
   at Microsoft.AspNetCore.Mvc.Infrastructure.ActionMethodExecutor.TaskOfIActionResultExecutor.Execute(ActionContext actionContext, IActionResultTypeMapper mapper, ObjectMethodExecutor executor, Object controller, Object[] arguments)
   at Microsoft.AspNetCore.Mvc.Infrastructure.ControllerActionInvoker.<InvokeActionMethodAsync>g__Awaited|12_0(ControllerActionInvoker invoker, ValueTask`1 actionResultValueTask)
   at Microsoft.AspNetCore.Mvc.Infrastructure.ControllerActionInvoker.<InvokeNextActionFilterAsync>g__Awaited|10_0(ControllerActionInvoker invoker, Task lastTask, State next, Scope scope, Object state, Boolean isCompleted)
   at Microsoft.AspNetCore.Mvc.Infrastructure.ControllerActionInvoker.Rethrow(ActionExecutedContextSealed context)
   at Microsoft.AspNetCore.Mvc.Infrastructure.ControllerActionInvoker.Next(State& next, Scope& scope, Object& state, Boolean& isCompleted)
   at Microsoft.AspNetCore.Mvc.Infrastructure.ControllerActionInvoker.InvokeInnerFilterAsync()
--- End of stack trace from previous location ---
   at Microsoft.AspNetCore.Mvc.Infrastructure.ResourceInvoker.<InvokeFilterPipelineAsync>g__Awaited|20_0(ResourceInvoker invoker, Task lastTask, State next, Scope scope, Object state, Boolean isCompleted)
   at Microsoft.AspNetCore.Mvc.Infrastructure.ResourceInvoker.<InvokeAsync>g__Logged|17_1(ResourceInvoker invoker)
   at Microsoft.AspNetCore.Mvc.Infrastructure.ResourceInvoker.<InvokeAsync>g__Logged|17_1(ResourceInvoker invoker)
   at Microsoft.AspNetCore.Routing.EndpointMiddleware.<Invoke>g__AwaitRequestTask|7_0(Endpoint endpoint, Task requestTask, ILogger logger)
   at Project2_Debug.Middleware.ExceptionLoggingMiddleware.InvokeAsync(HttpContext context) in /mnt/d/Work/ProjectOther/Bookstore/Project2-Debug/Middleware/ExceptionLoggingMiddleware.cs:line 18
2026-07-07 11:08:37.5892|INFO|Microsoft.AspNetCore.Hosting.Diagnostics|Request finished HTTP/1.1 POST http://localhost:5299/member/register - 500 - application/json;+charset=utf-8 74.0444ms
